TN:
SF:script/Counter.s.sol
DA:10,0
FN:10,CounterScript.setUp
FNDA:0,CounterScript.setUp
DA:12,0
FN:12,CounterScript.run
FNDA:0,CounterScript.run
DA:13,0
DA:15,0
DA:17,0
FNF:2
FNH:0
LF:5
LH:0
BRF:0
BRH:0
end_of_record
TN:
SF:script/Deploy.s.sol
DA:22,0
FN:22,DeployScript.run
FNDA:0,DeployScript.run
DA:23,0
DA:24,0
DA:25,0
DA:26,0
DA:29,0
DA:32,0
DA:35,0
DA:36,0
DA:39,0
DA:45,0
DA:52,0
DA:54,0
DA:57,0
DA:58,0
DA:59,0
DA:60,0
FNF:1
FNH:0
LF:17
LH:0
BRF:0
BRH:0
end_of_record
TN:
SF:script/Upgrade.s.sol
DA:16,0
FN:16,UpgradeScript.run
FNDA:0,UpgradeScript.run
DA:17,0
DA:18,0
DA:20,0
DA:23,0
DA:25,0
DA:27,0
DA:29,0
FNF:1
FNH:0
LF:8
LH:0
BRF:0
BRH:0
end_of_record
TN:
SF:src/Auction.sol
DA:91,3
FN:91,Auction.onlyActiveAuction
FNDA:3,Auction.onlyActiveAuction
DA:92,3
BRDA:92,0,0,0
BRDA:92,0,1,3
DA:93,3
BRDA:93,1,0,0
BRDA:93,1,1,3
DA:101,8
FN:101,Auction.initialize
FNDA:8,Auction.initialize
DA:102,8
DA:103,8
DA:110,0
FN:110,Auction._authorizeUpgrade
FNDA:0,Auction._authorizeUpgrade
DA:121,6
FN:121,Auction.createAuction
FNDA:6,Auction.createAuction
DA:128,6
BRDA:128,2,0,0
BRDA:128,2,1,6
DA:131,6
DA:134,6
DA:135,6
DA:147,6
DA:157,6
DA:165,3
FN:165,Auction.placeBid
FNDA:3,Auction.placeBid
DA:166,3
DA:167,3
BRDA:167,3,0,0
BRDA:167,3,1,3
DA:170,3
DA:171,3
BRDA:171,4,0,0
DA:172,0
DA:175,3
BRDA:175,5,0,1
BRDA:175,5,1,2
DA:178,2
BRDA:178,6,0,2
BRDA:178,6,1,2
DA:180,2
BRDA:180,7,0,0
BRDA:180,7,1,2
DA:183,0
DA:187,2
BRDA:187,8,0,0
DA:188,0
DA:189,0
DA:190,0
BRDA:190,9,0,-
BRDA:190,9,1,-
DA:191,0
DA:193,0
DA:198,2
DA:199,2
DA:202,2
DA:206,2
DA:213,1
FN:213,Auction.endAuction
FNDA:1,Auction.endAuction
DA:214,1
DA:215,1
BRDA:215,10,0,0
BRDA:215,10,1,1
DA:216,1
BRDA:216,11,0,0
BRDA:216,11,1,1
DA:218,1
DA:221,1
BRDA:221,12,0,0
DA:222,0
DA:223,0
DA:224,0
DA:228,1
DA:229,1
DA:232,1
BRDA:232,13,0,1
BRDA:232,13,1,1
DA:233,1
DA:235,0
DA:239,1
DA:241,1
DA:248,2
FN:248,Auction.cancelAuction
FNDA:2,Auction.cancelAuction
DA:249,2
DA:250,2
BRDA:250,14,0,1
BRDA:250,14,1,1
DA:251,1
BRDA:251,15,0,0
BRDA:251,15,1,1
DA:252,1
BRDA:252,16,0,0
BRDA:252,16,1,1
DA:254,1
DA:255,1
DA:256,1
DA:264,2
FN:264,Auction.getAuction
FNDA:2,Auction.getAuction
DA:265,2
DA:273,0
FN:273,Auction.getBidInUsd
FNDA:0,Auction.getBidInUsd
DA:274,0
DA:275,0
BRDA:275,17,0,-
DA:276,0
BRDA:276,18,0,-
BRDA:276,18,1,-
DA:277,0
DA:279,0
DA:286,0
FN:286,Auction.withdraw
FNDA:0,Auction.withdraw
DA:287,0
DA:289,0
DA:290,0
DA:292,0
BRDA:292,19,0,-
DA:293,0
DA:294,0
DA:297,0
BRDA:297,20,0,-
BRDA:297,20,1,-
DA:298,0
DA:299,0
FNF:10
FNH:7
LF:76
LH:48
BRF:37
BRH:17
end_of_record
TN:
SF:src/Counter.sol
DA:7,258
FN:7,Counter.setNumber
FNDA:258,Counter.setNumber
DA:8,258
DA:11,1
FN:11,Counter.increment
FNDA:1,Counter.increment
DA:12,1
FNF:2
FNH:2
LF:4
LH:4
BRF:0
BRH:0
end_of_record
TN:
SF:src/NFT.sol
DA:37,8
FN:37,NFT.mint
FNDA:8,NFT.mint
DA:38,8
DA:39,8
DA:40,8
DA:41,8
DA:42,8
DA:43,8
DA:44,8
DA:52,1
FN:52,NFT.tokenURI
FNDA:1,NFT.tokenURI
DA:58,1
DA:66,0
FN:66,NFT.supportsInterface
FNDA:0,NFT.supportsInterface
DA:72,0
DA:80,0
FN:80,NFT.getTokenCreator
FNDA:0,NFT.getTokenCreator
DA:81,0
FNF:4
FNH:2
LF:14
LH:10
BRF:0
BRH:0
end_of_record
TN:
SF:src/PriceOracle.sol
DA:30,0
FN:30,PriceOracle.constructor
FNDA:0,PriceOracle.constructor
DA:31,0
DA:38,0
FN:38,PriceOracle.getEthUsdPrice
FNDA:0,PriceOracle.getEthUsdPrice
DA:39,0
DA:40,0
DA:48,0
FN:48,PriceOracle.getTokenUsdPrice
FNDA:0,PriceOracle.getTokenUsdPrice
DA:49,0
DA:50,0
BRDA:50,0,0,-
BRDA:50,0,1,-
DA:51,0
DA:52,0
DA:60,0
FN:60,PriceOracle.setTokenPriceFeed
FNDA:0,PriceOracle.setTokenPriceFeed
DA:61,0
DA:69,0
FN:69,PriceOracle.convertEthToUsd
FNDA:0,PriceOracle.convertEthToUsd
DA:70,0
DA:71,0
DA:72,0
DA:81,0
FN:81,PriceOracle.convertTokenToUsd
FNDA:0,PriceOracle.convertTokenToUsd
DA:82,0
DA:83,0
DA:85,0
DA:87,0
DA:88,0
DA:96,0
FN:96,PriceOracle.convertUsdToEth
FNDA:0,PriceOracle.convertUsdToEth
DA:97,0
DA:98,0
FNF:7
FNH:0
LF:25
LH:0
BRF:2
BRH:0
end_of_record
TN:
SF:test/Auction.t.sol
DA:21,0
FN:21,MockPriceOracle.setEthPrice
FNDA:0,MockPriceOracle.setEthPrice
DA:22,0
DA:28,0
FN:28,MockPriceOracle.setTokenPrice
FNDA:0,MockPriceOracle.setTokenPrice
DA:29,0
DA:35,0
FN:35,MockPriceOracle.getEthUsdPrice
FNDA:0,MockPriceOracle.getEthUsdPrice
DA:36,0
DA:42,0
FN:42,MockPriceOracle.getTokenUsdPrice
FNDA:0,MockPriceOracle.getTokenUsdPrice
DA:43,0
DA:49,2
FN:49,MockPriceOracle.convertEthToUsd
FNDA:2,MockPriceOracle.convertEthToUsd
DA:50,2
DA:56,0
FN:56,MockPriceOracle.convertTokenToUsd
FNDA:0,MockPriceOracle.convertTokenToUsd
DA:57,0
DA:58,0
DA:59,0
DA:65,0
FN:65,MockPriceOracle.convertUsdToEth
FNDA:0,MockPriceOracle.convertUsdToEth
DA:66,0
FNF:7
FNH:1
LF:16
LH:2
BRF:0
BRH:0
end_of_record
